OPTIONS /api/v1/Login 204
POST /api/v1/Login 200
GET /api/v1/getList?search_query= 401
GET /api/v1/getLength 401
GET /api/v1/getProfiles 401
GET /api/v1/getList?search_query= 401
GET /api/v1/getLength 401
GET /api/v1/getProfiles 401
GET /api/v1/getList?search_query= 401
GET /api/v1/getLength 401
GET /api/v1/getProfiles 401
GET /api/v1/getList?search_query= 401
GET /api/v1/getLength 401
GET /api/v1/getProfiles 401
OPTIONS /api/v1/Login 204
POST /api/v1/Login 200
GET /api/v1/getList?search_query= 401
GET /api/v1/getLength 401
GET /api/v1/getProfiles 401
GET /api/v1/getList?search_query= 401
GET /api/v1/getLength 401
GET /api/v1/getProfiles 401
OPTIONS /api/v1/getList?search_query= 204
OPTIONS /api/v1/getLength 204
OPTIONS /api/v1/getProfiles 204
OPTIONS /api/v1/check-auth 204
GET /api/v1/getProfiles 200
GET /api/v1/check-auth 200
GET /api/v1/getList?search_query= 304
GET /api/v1/check-auth 304
GET /api/v1/getLength 304
GET /api/v1/getProfiles 304
GET /api/v1/getList?search_query= 304
GET /api/v1/getLength 304
GET /api/v1/getLength 304
OPTIONS /api/v1/getLength 204
GET /api/v1/getLength 304
OPTIONS /api/v1/getLog?search_query= 204
OPTIONS /api/v1/Login 204
POST /api/v1/Login 200
OPTIONS /api/v1/getList?search_query= 204
OPTIONS /api/v1/getLength 204
OPTIONS /api/v1/getProfiles 204
GET /api/v1/getProfiles 304
GET /api/v1/getList?search_query= 304
GET /api/v1/getLength 304
OPTIONS /api/v1/getUser/undefined 204
OPTIONS /api/v1/getUser?search_query= 204
OPTIONS /api/v1/getUser/undefined 204
GET /api/v1/getUser/undefined 304
GET /api/v1/getUser?search_query= 304
GET /api/v1/getUser/undefined 304
GET /uploads/undefined 404
GET /uploads/1667024405226-profiles.jpeg 304
GET /uploads/1667025830224-profiles.jpeg 304
OPTIONS /api/v1/getLog?search_query= 204
OPTIONS /api/v1/getProfiles 204
OPTIONS /api/v1/getLog?search_query= 204
OPTIONS /api/v1/getProfiles 204
OPTIONS /api/v1/getLog?search_query= 204
GET /api/v1/getProfiles 304
GET /api/v1/getLog?search_query= 200
GET /api/v1/getProfiles 304
GET /api/v1/getLog?search_query= 200
GET /uploads/1667025830224-profiles.jpeg 304
OPTIONS /api/v1/getSuplier/undefined 204
OPTIONS /api/v1/getSupliers?search_query= 204
OPTIONS /api/v1/getCategory/undefined 204
OPTIONS /api/v1/getCategorys?search_query= 204
GET /api/v1/getSuplier/undefined 304
GET /api/v1/getCategorys?search_query= 304
GET /api/v1/getSupliers?search_query= 304
GET /api/v1/getCategory/undefined 304
GET /api/v1/getSuplier/undefined 304
GET /api/v1/getCategory/undefined 304
OPTIONS /api/v1/getProfiles 204
GET /api/v1/getProfiles 304
OPTIONS /api/v1/getList?search_query= 204
OPTIONS /api/v1/getLength 204
GET /api/v1/getList?search_query= 304
GET /api/v1/getLength 304
GET /uploads/1667025830224-profiles.jpeg 304
OPTIONS /api/v1/getProfiles 204
GET /api/v1/getProfiles 304
OPTIONS /api/v1/getList?search_query= 204
OPTIONS /api/v1/getLength 204
GET /api/v1/getList?search_query= 304
GET /api/v1/getLength 304
GET /api/v1/getProfiles 304
OPTIONS /api/v1/getSuplier/undefined 204
OPTIONS /api/v1/getSupliers?search_query= 204
GET /api/v1/getSuplier/undefined 304
OPTIONS /api/v1/getCategory/undefined 204
GET /api/v1/getSupliers?search_query= 304
OPTIONS /api/v1/getCategorys?search_query= 204
GET /api/v1/getCategory/undefined 304
GET /api/v1/getSuplier/undefined 304
GET /api/v1/getCategorys?search_query= 304
GET /api/v1/getCategory/undefined 304
GET /api/v1/getList?search_query= 304
GET /api/v1/getLength 304
GET /api/v1/getLength 304
OPTIONS /api/v1/getList/16 204
OPTIONS /api/v1/getSuplier/undefined 204
OPTIONS /api/v1/getCategory/undefined 204
OPTIONS /api/v1/getFlows/undefined 204
OPTIONS /api/v1/getFlow/16 204
GET /api/v1/getSuplier/undefined 304
GET /api/v1/getCategory/undefined 304
GET /api/v1/getList/16 304
GET /api/v1/getFlows/undefined 304
GET /api/v1/getFlow/16 304
GET /api/v1/getSuplier/undefined 304
GET /api/v1/getCategory/undefined 304
GET /api/v1/getFlows/undefined 304
OPTIONS /api/v1/getSuplier/9 204
OPTIONS /api/v1/getCategory/12 204
GET /uploads/undefined 404
GET /api/v1/getSuplier/9 304
GET /uploads/1667025501081-3180433976.jpg 200
GET /api/v1/getCategory/12 304
OPTIONS /api/v1/getList/16 204
OPTIONS /api/v1/getFlow/16 204
GET /api/v1/getFlow/16 304
GET /api/v1/getList/16 304
OPTIONS /api/v1/getSuplier/9 204
OPTIONS /api/v1/getCategory/12 204
GET /api/v1/getSuplier/9 304
GET /api/v1/getCategory/12 304
OPTIONS /api/v1/addFlow 204
POST /api/v1/addFlow 200
OPTIONS /api/v1/getList/16 204
OPTIONS /api/v1/getFlows/undefined 204
OPTIONS /api/v1/getFlow/16 204
GET /api/v1/getFlows/undefined 304
GET /api/v1/getList/16 200
GET /api/v1/getFlow/16 200
OPTIONS /api/v1/getSuplier/9 204
OPTIONS /api/v1/getCategory/12 204
GET /api/v1/getSuplier/9 304
GET /api/v1/getCategory/12 304
OPTIONS /api/v1/getList?search_query= 204
OPTIONS /api/v1/getLength 204
OPTIONS /api/v1/getProfiles 204
GET /api/v1/getProfiles 304
GET /api/v1/getList?search_query= 200
GET /api/v1/getLength 304
